<?xml version="1.0" encoding="UTF-8"?>
<!-- Generated by org.testng.reporters.JUnitReportReporter -->
<testsuite hostname="MAHFUJ-1B5SPLO" name="test_register.NewRegisterTest" tests="2" failures="0" timestamp="23 Aug 2020 16:55:26 GMT" time="19.920" errors="0">
  <testcase name="registerWithNewEmailTest" time="12.208" classname="test_register.NewRegisterTest"/>
  <testcase name="registerWithNewEmailTest" time="7.712" classname="test_register.NewRegisterTest"/>
</testsuite> <!-- test_register.NewRegisterTest -->
