<?xml version="1.0" encoding="UTF-8"?>
<!-- Generated by org.testng.reporters.JUnitReportReporter -->
<testsuite hostname="MAHFUJ-1B5SPLO" name="test_signIn.VerifyUserFullName" tests="2" failures="0" timestamp="23 Aug 2020 16:55:26 GMT" time="31.672" errors="0">
  <testcase name="userFullNameTest" time="18.068" classname="test_signIn.VerifyUserFullName"/>
  <testcase name="userFullNameTest" time="13.604" classname="test_signIn.VerifyUserFullName"/>
</testsuite> <!-- test_signIn.VerifyUserFullName -->
