<?xml version="1.0" encoding="UTF-8"?>
<!-- Generated by org.testng.reporters.JUnitReportReporter -->
<testsuite hostname="MAHFUJ-1B5SPLO" name="test_register.NewRegisterTest" tests="2" failures="0" timestamp="23 Aug 2020 21:56:27 GMT" time="24.119" errors="0">
  <testcase name="registerWithNewEmailTest" time="12.625" classname="test_register.NewRegisterTest"/>
  <testcase name="registerWithNewEmailTest" time="11.494" classname="test_register.NewRegisterTest"/>
</testsuite> <!-- test_register.NewRegisterTest -->
