<?xml version="1.0" encoding="UTF-8"?>
<!-- Generated by org.testng.reporters.JUnitReportReporter -->
<testsuite name="test_register.Gropping" tests="3" time="0.041" ignored="2" failures="0" timestamp="26 Jul 2020 16:00:30 GMT" skipped="0" hostname="DESKTOP-PFUQSED" errors="0">
  <testcase name="loginWithFacebook" time="0.014" classname="test_register.Gropping"/>
  <testcase name="loginTest" time="0.022" classname="test_register.Gropping"/>
  <testcase name="signUp" time="0.005" classname="test_register.Gropping"/>
  <testcase name="verifyHomePage" classname="test_register.Gropping">
    <skipped/>
  </testcase> <!-- verifyHomePage -->
  <testcase name="loginWithEmail" classname="test_register.Gropping">
    <skipped/>
  </testcase> <!-- loginWithEmail -->
</testsuite> <!-- test_register.Gropping -->
