<?xml version="1.0" encoding="UTF-8"?>
<!-- Generated by org.testng.reporters.JUnitReportReporter -->
<testsuite hostname="MAHFUJ-1B5SPLO" failures="0" tests="1" name="test_signIn.LoginWithInvalidCredentialUsingEmailTest" time="16.455" errors="0" timestamp="2020-08-25T19:52:48 EDT" skipped="0">
  <testcase classname="test_signIn.LoginWithInvalidCredentialUsingEmailTest" name="loginwithInvalidPasswordTest" time="16.455"/>
  <system-out/>
</testsuite> <!-- test_signIn.LoginWithInvalidCredentialUsingEmailTest -->
