<?xml version="1.0" encoding="UTF-8"?>
<!-- Generated by org.testng.reporters.JUnitReportReporter -->
<testsuite hostname="MAHFUJ-1B5SPLO" name="test_register.NewRegisterTest" tests="2" failures="0" timestamp="16 Aug 2020 15:03:11 GMT" time="16.292" errors="0">
  <testcase name="registerWithNewEmailTest" time="7.754" classname="test_register.NewRegisterTest"/>
  <testcase name="registerWithNewEmailTest" time="8.538" classname="test_register.NewRegisterTest"/>
</testsuite> <!-- test_register.NewRegisterTest -->
