<?xml version="1.0" encoding="UTF-8"?>
<!-- Generated by org.testng.reporters.JUnitReportReporter -->
<testsuite hostname="MAHFUJ-1B5SPLO" name="test_signIn.VerifyUserFullName" tests="2" failures="0" timestamp="23 Aug 2020 21:56:27 GMT" time="40.235" errors="0">
  <testcase name="userFullNameTest" time="20.442" classname="test_signIn.VerifyUserFullName"/>
  <testcase name="userFullNameTest" time="19.793" classname="test_signIn.VerifyUserFullName"/>
</testsuite> <!-- test_signIn.VerifyUserFullName -->
