<?xml version="1.0" encoding="UTF-8"?>
<!-- Generated by org.testng.reporters.JUnitReportReporter -->
<testsuite hostname="MAHFUJ-1B5SPLO" name="test_signIn.VerifyUserFullName" tests="2" failures="0" timestamp="16 Aug 2020 15:03:11 GMT" time="35.137" errors="0">
  <testcase name="userFullNameTest" time="17.658" classname="test_signIn.VerifyUserFullName"/>
  <testcase name="userFullNameTest" time="17.479" classname="test_signIn.VerifyUserFullName"/>
</testsuite> <!-- test_signIn.VerifyUserFullName -->
