<?xml version="1.0" encoding="UTF-8"?>
<!-- Generated by org.testng.reporters.JUnitReportReporter -->
<testsuite hostname="MAHFUJ-1B5SPLO" failures="0" tests="1" name="test_register.NewRegisterTest" time="8.538" errors="0" timestamp="2020-08-25T19:52:48 EDT" skipped="0">
  <testcase classname="test_register.NewRegisterTest" name="registerWithNewEmailTest" time="8.538"/>
  <system-out/>
</testsuite> <!-- test_register.NewRegisterTest -->
